<?xml version="1.0" encoding="UTF-8"?>
<!-- Generated by org.testng.reporters.JUnitReportReporter -->
<testsuite skipped="0" hostname="SRINIDHI" name="scripts.AmazonandFlipkart" tests="1" failures="0" timestamp="07 Feb 2020 13:28:45 GMT" time="49.099" errors="0">
  <testcase name="validTest" time="49.099" classname="scripts.AmazonandFlipkart"/>
</testsuite> <!-- scripts.AmazonandFlipkart -->
